2025-07-27 13:22:50,447 [INFO] Getting current user for username: daktari
2025-07-27 13:22:50,450 [INFO] Found user: 56d7004d-de8d-4ca8-bb7b-75d1b0617ce2 with role: UserRoleEnum.CLINICIAN
2025-07-28 11:11:07,731 [INFO] num_full_subsets = 2
2025-07-28 11:11:07,732 [INFO] remaining_weight_vector = array([0.21046803, 0.16837443, 0.14432094, 0.12951879, 0.12026745,
       0.11480075, 0.11224962])
2025-07-28 11:11:07,732 [INFO] num_paired_subset_sizes = 9
2025-07-28 11:11:07,771 [INFO] weight_left = np.float64(0.5381032434909889)
2025-07-28 11:11:07,822 [INFO] np.sum(w_aug) = np.float64(19.0)
2025-07-28 11:11:07,823 [INFO] np.sum(self.kernelWeights) = np.float64(0.9999999999999999)
2025-07-28 11:11:07,829 [INFO] phi = array([-0.11227437,  0.5235818 ,  0.        ,  0.2796227 ,  0.06810751,
        0.        , -0.07511098,  0.        , -0.02130262,  0.        ,
        0.05336922,  0.01333099,  0.        ,  0.01523788, -0.04621791,
        0.        ,  0.        ,  0.        ,  0.        ])
2025-07-28 11:11:07,830 [INFO] np.sum(w_aug) = np.float64(19.0)
2025-07-28 11:11:07,830 [INFO] np.sum(self.kernelWeights) = np.float64(0.9999999999999999)
2025-07-28 11:11:07,833 [INFO] phi = array([ 0.08476122, -0.23454091,  0.        , -0.20637348, -0.04265499,
       -0.00378032,  0.        , -0.01147578,  0.        ,  0.        ,
       -0.03179543,  0.        ,  0.        , -0.01043375, -0.01611456,
        0.01394512,  0.        ,  0.        ,  0.        ])
2025-07-28 11:11:07,833 [INFO] np.sum(w_aug) = np.float64(19.0)
2025-07-28 11:11:07,834 [INFO] np.sum(self.kernelWeights) = np.float64(0.9999999999999999)
2025-07-28 11:11:07,837 [INFO] phi = array([ 0.02548897, -0.29116499,  0.        , -0.0752784 , -0.02758446,
        0.        ,  0.07332533,  0.02450668,  0.01266095,  0.        ,
       -0.02368129, -0.01827126,  0.        ,  0.        ,  0.06011713,
        0.        ,  0.        ,  0.        ,  0.        ])
2025-07-28 11:11:07,852 [INFO] num_full_subsets = 2
2025-07-28 11:11:07,852 [INFO] remaining_weight_vector = array([0.21046803, 0.16837443, 0.14432094, 0.12951879, 0.12026745,
       0.11480075, 0.11224962])
2025-07-28 11:11:07,852 [INFO] num_paired_subset_sizes = 9
2025-07-28 11:11:07,891 [INFO] weight_left = np.float64(0.5381032434909889)
2025-07-28 11:11:07,943 [INFO] np.sum(w_aug) = np.float64(19.0)
2025-07-28 11:11:07,944 [INFO] np.sum(self.kernelWeights) = np.float64(0.9999999999999999)
2025-07-28 11:11:07,947 [INFO] phi = array([-0.10479401,  0.57336289,  0.        ,  0.27171945,  0.05634404,
        0.01402215, -0.07649377,  0.        ,  0.        ,  0.        ,
        0.04804378,  0.0209164 ,  0.        ,  0.        , -0.10690201,
       -0.01731914,  0.        ,  0.        ,  0.        ])
2025-07-28 11:11:07,948 [INFO] np.sum(w_aug) = np.float64(19.0)
2025-07-28 11:11:07,948 [INFO] np.sum(self.kernelWeights) = np.float64(0.9999999999999999)
2025-07-28 11:11:07,951 [INFO] phi = array([ 0.07247813, -0.20881795,  0.        , -0.19687184, -0.04115228,
        0.        ,  0.        , -0.01619198,  0.00874067,  0.        ,
       -0.02511965,  0.01319858,  0.        , -0.00977596, -0.0549506 ,
        0.        ,  0.        ,  0.        ,  0.        ])
2025-07-28 11:11:07,952 [INFO] np.sum(w_aug) = np.float64(19.0)
2025-07-28 11:11:07,952 [INFO] np.sum(self.kernelWeights) = np.float64(0.9999999999999999)
2025-07-28 11:11:07,955 [INFO] phi = array([ 0.03238504, -0.36410484,  0.        , -0.07416417, -0.01653165,
       -0.00983684,  0.0784917 ,  0.02857048,  0.        ,  0.        ,
       -0.02261158, -0.03430591,  0.        ,  0.        ,  0.16167086,
        0.        ,  0.        ,  0.        ,  0.        ])
2025-07-28 11:11:07,969 [INFO] num_full_subsets = 2
2025-07-28 11:11:07,970 [INFO] remaining_weight_vector = array([0.19227593, 0.15321988, 0.13074763, 0.11673896, 0.10775904,
       0.10214659, 0.09905124, 0.09806073])
2025-07-28 11:11:07,970 [INFO] num_paired_subset_sizes = 9
2025-07-28 11:11:08,008 [INFO] weight_left = np.float64(0.5467009166626137)
2025-07-28 11:11:08,062 [INFO] np.sum(w_aug) = np.float64(20.0)
2025-07-28 11:11:08,062 [INFO] np.sum(self.kernelWeights) = np.float64(1.0)
2025-07-28 11:11:08,065 [INFO] phi = array([-0.10419967,  0.57488546,  0.        ,  0.2692362 ,  0.06302289,
        0.        , -0.07191298, -0.01686546,  0.        ,  0.        ,
        0.05294902,  0.03324381,  0.        ,  0.        , -0.10884869,
       -0.01261081,  0.        ,  0.        ,  0.        ,  0.        ])
2025-07-28 11:11:08,066 [INFO] np.sum(w_aug) = np.float64(20.0)
2025-07-28 11:11:08,066 [INFO] np.sum(self.kernelWeights) = np.float64(1.0)
2025-07-28 11:11:08,069 [INFO] phi = array([ 0.07937915, -0.21126888,  0.        , -0.19282539, -0.04020835,
        0.        , -0.00480434, -0.00858656,  0.        ,  0.        ,
       -0.0325235 ,  0.        ,  0.        , -0.00427214, -0.05168094,
        0.00832808,  0.        ,  0.        ,  0.        ,  0.        ])
2025-07-28 11:11:08,070 [INFO] np.sum(w_aug) = np.float64(20.0)
2025-07-28 11:11:08,070 [INFO] np.sum(self.kernelWeights) = np.float64(1.0)
2025-07-28 11:11:08,073 [INFO] phi = array([ 0.02583083, -0.36399989,  0.        , -0.07546631, -0.02216072,
        0.        ,  0.0772335 ,  0.02596614,  0.        ,  0.        ,
       -0.02027358, -0.03862599,  0.00992455,  0.        ,  0.16113458,
        0.        ,  0.        ,  0.        ,  0.        ,  0.        ])
2025-07-28 11:11:08,089 [INFO] num_full_subsets = 2
2025-07-28 11:11:08,090 [INFO] remaining_weight_vector = array([0.19227593, 0.15321988, 0.13074763, 0.11673896, 0.10775904,
       0.10214659, 0.09905124, 0.09806073])
2025-07-28 11:11:08,090 [INFO] num_paired_subset_sizes = 9
2025-07-28 11:11:08,128 [INFO] weight_left = np.float64(0.5467009166626137)
2025-07-28 11:11:08,177 [INFO] np.sum(w_aug) = np.float64(20.0)
2025-07-28 11:11:08,177 [INFO] np.sum(self.kernelWeights) = np.float64(0.9999999999999998)
2025-07-28 11:11:08,181 [INFO] phi = array([-0.09037952,  0.56530418, -0.01405275,  0.27636219,  0.0714453 ,
        0.        , -0.07189264,  0.        ,  0.        ,  0.        ,
        0.04193392,  0.02415639,  0.        ,  0.        , -0.11206635,
       -0.01191092,  0.        ,  0.        ,  0.        ,  0.        ])
2025-07-28 11:11:08,181 [INFO] np.sum(w_aug) = np.float64(20.0)
2025-07-28 11:11:08,182 [INFO] np.sum(self.kernelWeights) = np.float64(0.9999999999999998)
2025-07-28 11:11:08,185 [INFO] phi = array([ 0.07277011, -0.20639982,  0.        , -0.19991018, -0.04012004,
       -0.00291926,  0.        , -0.01288377,  0.01017278,  0.        ,
       -0.02620239,  0.        ,  0.        , -0.0035645 , -0.04940579,
        0.        ,  0.        ,  0.        ,  0.        ,  0.        ])
2025-07-28 11:11:08,185 [INFO] np.sum(w_aug) = np.float64(20.0)
2025-07-28 11:11:08,185 [INFO] np.sum(self.kernelWeights) = np.float64(0.9999999999999998)
2025-07-28 11:11:08,190 [INFO] phi = array([ 0.01954532, -0.35693927,  0.00982183, -0.07528914, -0.02918467,
        0.        ,  0.07215626,  0.02259431,  0.        ,  0.        ,
       -0.01435977, -0.03200629,  0.        ,  0.        ,  0.1632245 ,
        0.        ,  0.        ,  0.        ,  0.        ,  0.        ])
2025-07-28 11:11:08,191 [INFO] Predictions completed successfully for 4 samples
